# JRE version: OpenJDK Runtime Environment (8.0_152-b01) (build 1.8.0_152-release-915-b01)
# Java VM: OpenJDK 64-Bit Server VM (25.152-b01 mixed mode windows-amd64 compressed oops)
Heap:
 PSYoungGen      total 101376K, used 36060K [0x00000000e0000000, 0x00000000e6f80000, 0x0000000100000000)
  eden space 90624K, 39% used [0x00000000e0000000,0x00000000e2337248,0x00000000e5880000)
  from space 10752K, 0% used [0x00000000e6500000,0x00000000e6500000,0x00000000e6f80000)
  to   space 11776K, 0% used [0x00000000e5880000,0x00000000e5880000,0x00000000e6400000)
 ParOldGen       total 48640K, used 43317K [0x00000000a0000000, 0x00000000a2f80000, 0x00000000e0000000)
  object space 48640K, 89% used [0x00000000a0000000,0x00000000a2a4d4d0,0x00000000a2f80000)
 Metaspace       used 57721K, capacity 60232K, committed 60288K, reserved 1101824K
  class space    used 7773K, capacity 8319K, committed 8320K, reserved 1048576K
GC Heap History (10 events):
Event: 53.685 GC heap before
{Heap before GC invocations=23 (full 2):
 PSYoungGen      total 72192K, used 69650K [0x00000000e0000000, 0x00000000e4f80000, 0x0000000100000000)
  eden space 64000K, 100% used [0x00000000e0000000,0x00000000e3e80000,0x00000000e3e80000)
  from space 8192K, 68% used [0x00000000e4780000,0x00000000e4d04a88,0x00000000e4f80000)
  to   space 8704K, 0% used [0x00000000e3e80000,0x00000000e3e80000,0x00000000e4700000)
 ParOldGen       total 48640K, used 22434K [0x00000000a0000000, 0x00000000a2f80000, 0x00000000e0000000)
  object space 48640K, 46% used [0x00000000a0000000,0x00000000a15e8858,0x00000000a2f80000)
 Metaspace       used 50023K, capacity 51614K, committed 51840K, reserved 1093632K
  class space    used 6791K, capacity 7189K, committed 7296K, reserved 1048576K
Event: 53.766 GC heap after
Heap after GC invocations=23 (full 2):
 PSYoungGen      total 72704K, used 6712K [0x00000000e0000000, 0x00000000e5e00000, 0x0000000100000000)
  eden space 64000K, 0% used [0x00000000e0000000,0x00000000e0000000,0x00000000e3e80000)
  from space 8704K, 77% used [0x00000000e3e80000,0x00000000e450e350,0x00000000e4700000)
  to   space 8704K, 0% used [0x00000000e5580000,0x00000000e5580000,0x00000000e5e00000)
 ParOldGen       total 48640K, used 25748K [0x00000000a0000000, 0x00000000a2f80000, 0x00000000e0000000)
  object space 48640K, 52% used [0x00000000a0000000,0x00000000a19251f8,0x00000000a2f80000)
 Metaspace       used 50023K, capacity 51614K, committed 51840K, reserved 1093632K
  class space    used 6791K, capacity 7189K, committed 7296K, reserved 1048576K
}
Event: 58.503 GC heap before
{Heap before GC invocations=24 (full 2):
 PSYoungGen      total 72704K, used 70712K [0x00000000e0000000, 0x00000000e5e00000, 0x0000000100000000)
  eden space 64000K, 100% used [0x00000000e0000000,0x00000000e3e80000,0x00000000e3e80000)
  from space 8704K, 77% used [0x00000000e3e80000,0x00000000e450e350,0x00000000e4700000)
  to   space 8704K, 0% used [0x00000000e5580000,0x00000000e5580000,0x00000000e5e00000)
 ParOldGen       total 48640K, used 25748K [0x00000000a0000000, 0x00000000a2f80000, 0x00000000e0000000)
  object space 48640K, 52% used [0x00000000a0000000,0x00000000a19251f8,0x00000000a2f80000)
 Metaspace       used 51402K, capacity 53360K, committed 53632K, reserved 1095680K
  class space    used 7026K, capacity 7464K, committed 7552K, reserved 1048576K
Event: 58.583 GC heap after
Heap after GC invocations=24 (full 2):
 PSYoungGen      total 84480K, used 8700K [0x00000000e0000000, 0x00000000e6400000, 0x0000000100000000)
  eden space 75776K, 0% used [0x00000000e0000000,0x00000000e0000000,0x00000000e4a00000)
  from space 8704K, 99% used [0x00000000e5580000,0x00000000e5dff1d0,0x00000000e5e00000)
  to   space 11776K, 0% used [0x00000000e4a00000,0x00000000e4a00000,0x00000000e5580000)
 ParOldGen       total 48640K, used 30619K [0x00000000a0000000, 0x00000000a2f80000, 0x00000000e0000000)
  object space 48640K, 62% used [0x00000000a0000000,0x00000000a1de6d80,0x00000000a2f80000)
 Metaspace       used 51402K, capacity 53360K, committed 53632K, reserved 1095680K
  class space    used 7026K, capacity 7464K, committed 7552K, reserved 1048576K
}
Event: 83.960 GC heap before
{Heap before GC invocations=25 (full 2):
 PSYoungGen      total 84480K, used 84476K [0x00000000e0000000, 0x00000000e6400000, 0x0000000100000000)
  eden space 75776K, 100% used [0x00000000e0000000,0x00000000e4a00000,0x00000000e4a00000)
  from space 8704K, 99% used [0x00000000e5580000,0x00000000e5dff1d0,0x00000000e5e00000)
  to   space 11776K, 0% used [0x00000000e4a00000,0x00000000e4a00000,0x00000000e5580000)
 ParOldGen       total 48640K, used 30619K [0x00000000a0000000, 0x00000000a2f80000, 0x00000000e0000000)
  object space 48640K, 62% used [0x00000000a0000000,0x00000000a1de6d80,0x00000000a2f80000)
 Metaspace       used 54641K, capacity 57030K, committed 57088K, reserved 1097728K
  class space    used 7372K, capacity 7886K, committed 7936K, reserved 1048576K
Event: 84.009 GC heap after
Heap after GC invocations=25 (full 2):
 PSYoungGen      total 87552K, used 7896K [0x00000000e0000000, 0x00000000e7080000, 0x0000000100000000)
  eden space 75776K, 0% used [0x00000000e0000000,0x00000000e0000000,0x00000000e4a00000)
  from space 11776K, 67% used [0x00000000e4a00000,0x00000000e51b6100,0x00000000e5580000)
  to   space 11776K, 0% used [0x00000000e6500000,0x00000000e6500000,0x00000000e7080000)
 ParOldGen       total 48640K, used 38978K [0x00000000a0000000, 0x00000000a2f80000, 0x00000000e0000000)
  object space 48640K, 80% used [0x00000000a0000000,0x00000000a2610a28,0x00000000a2f80000)
 Metaspace       used 54641K, capacity 57030K, committed 57088K, reserved 1097728K
  class space    used 7372K, capacity 7886K, committed 7936K, reserved 1048576K
}
Event: 90.485 GC heap before
{Heap before GC invocations=26 (full 2):
 PSYoungGen      total 87552K, used 52103K [0x00000000e0000000, 0x00000000e7080000, 0x0000000100000000)
  eden space 75776K, 58% used [0x00000000e0000000,0x00000000e2b2bc48,0x00000000e4a00000)
  from space 11776K, 67% used [0x00000000e4a00000,0x00000000e51b6100,0x00000000e5580000)
  to   space 11776K, 0% used [0x00000000e6500000,0x00000000e6500000,0x00000000e7080000)
 ParOldGen       total 48640K, used 38978K [0x00000000a0000000, 0x00000000a2f80000, 0x00000000e0000000)
  object space 48640K, 80% used [0x00000000a0000000,0x00000000a2610a28,0x00000000a2f80000)
 Metaspace       used 56540K, capacity 59006K, committed 59028K, reserved 1099776K
  class space    used 7622K, capacity 8176K, committed 8192K, reserved 1048576K
Event: 90.516 GC heap after
Heap after GC invocations=26 (full 2):
 PSYoungGen      total 101376K, used 4561K [0x00000000e0000000, 0x00000000e6f80000, 0x0000000100000000)
  eden space 90624K, 0% used [0x00000000e0000000,0x00000000e0000000,0x00000000e5880000)
  from space 10752K, 42% used [0x00000000e6500000,0x00000000e69745a8,0x00000000e6f80000)
  to   space 11776K, 0% used [0x00000000e5880000,0x00000000e5880000,0x00000000e6400000)
 ParOldGen       total 48640K, used 44521K [0x00000000a0000000, 0x00000000a2f80000, 0x00000000e0000000)
  object space 48640K, 91% used [0x00000000a0000000,0x00000000a2b7a4a0,0x00000000a2f80000)
 Metaspace       used 56540K, capacity 59006K, committed 59028K, reserved 1099776K
  class space    used 7622K, capacity 8176K, committed 8192K, reserved 1048576K
}
Event: 90.516 GC heap before
{Heap before GC invocations=27 (full 3):
 PSYoungGen      total 101376K, used 4561K [0x00000000e0000000, 0x00000000e6f80000, 0x0000000100000000)
  eden space 90624K, 0% used [0x00000000e0000000,0x00000000e0000000,0x00000000e5880000)
  from space 10752K, 42% used [0x00000000e6500000,0x00000000e69745a8,0x00000000e6f80000)
  to   space 11776K, 0% used [0x00000000e5880000,0x00000000e5880000,0x00000000e6400000)
 ParOldGen       total 48640K, used 44521K [0x00000000a0000000, 0x00000000a2f80000, 0x00000000e0000000)
  object space 48640K, 91% used [0x00000000a0000000,0x00000000a2b7a4a0,0x00000000a2f80000)
 Metaspace       used 56540K, capacity 59006K, committed 59028K, reserved 1099776K
  class space    used 7622K, capacity 8176K, committed 8192K, reserved 1048576K
Event: 91.433 GC heap after
Heap after GC invocations=27 (full 3):
 PSYoungGen      total 101376K, used 0K [0x00000000e0000000, 0x00000000e6f80000, 0x0000000100000000)
  eden space 90624K, 0% used [0x00000000e0000000,0x00000000e0000000,0x00000000e5880000)
  from space 10752K, 0% used [0x00000000e6500000,0x00000000e6500000,0x00000000e6f80000)
  to   space 11776K, 0% used [0x00000000e5880000,0x00000000e5880000,0x00000000e6400000)
 ParOldGen       total 48640K, used 43317K [0x00000000a0000000, 0x00000000a2f80000, 0x00000000e0000000)
  object space 48640K, 89% used [0x00000000a0000000,0x00000000a2a4d4d0,0x00000000a2f80000)
 Metaspace       used 56540K, capacity 59006K, committed 59028K, reserved 1099776K
  class space    used 7622K, capacity 8176K, committed 8192K, reserved 1048576K
}

