# JRE version: OpenJDK Runtime Environment (8.0_152-b01) (build 1.8.0_152-release-915-b01)
# Java VM: OpenJDK 64-Bit Server VM (25.152-b01 mixed mode windows-amd64 compressed oops)
Heap:
 PSYoungGen      total 20992K, used 6442K [0x00000000e0000000, 0x00000000e2b00000, 0x0000000100000000)
  eden space 15360K, 11% used [0x00000000e0000000,0x00000000e01c34f8,0x00000000e0f00000)
  from space 5632K, 82% used [0x00000000e1500000,0x00000000e1987408,0x00000000e1a80000)
  to   space 6144K, 0% used [0x00000000e0f00000,0x00000000e0f00000,0x00000000e1500000)
 ParOldGen       total 42496K, used 5867K [0x00000000a0000000, 0x00000000a2980000, 0x00000000e0000000)
  object space 42496K, 13% used [0x00000000a0000000,0x00000000a05bac90,0x00000000a2980000)
 Metaspace       used 16635K, capacity 16930K, committed 17024K, reserved 1064960K
  class space    used 2310K, capacity 2414K, committed 2432K, reserved 1048576K
GC Heap History (10 events):
Event: 2.128 GC heap before
{Heap before GC invocations=2 (full 0):
 PSYoungGen      total 18432K, used 18408K [0x00000000e0000000, 0x00000000e1480000, 0x0000000100000000)
  eden space 15872K, 100% used [0x00000000e0000000,0x00000000e0f80000,0x00000000e0f80000)
  from space 2560K, 99% used [0x00000000e0f80000,0x00000000e11fa040,0x00000000e1200000)
  to   space 2560K, 0% used [0x00000000e1200000,0x00000000e1200000,0x00000000e1480000)
 ParOldGen       total 42496K, used 557K [0x00000000a0000000, 0x00000000a2980000, 0x00000000e0000000)
  object space 42496K, 1% used [0x00000000a0000000,0x00000000a008b400,0x00000000a2980000)
 Metaspace       used 6904K, capacity 7016K, committed 7040K, reserved 1056768K
  class space    used 848K, capacity 888K, committed 896K, reserved 1048576K
Event: 2.134 GC heap after
Heap after GC invocations=2 (full 0):
 PSYoungGen      total 18432K, used 2398K [0x00000000e0000000, 0x00000000e1480000, 0x0000000100000000)
  eden space 15872K, 0% used [0x00000000e0000000,0x00000000e0000000,0x00000000e0f80000)
  from space 2560K, 93% used [0x00000000e1200000,0x00000000e1457ad8,0x00000000e1480000)
  to   space 2560K, 0% used [0x00000000e0f80000,0x00000000e0f80000,0x00000000e1200000)
 ParOldGen       total 42496K, used 565K [0x00000000a0000000, 0x00000000a2980000, 0x00000000e0000000)
  object space 42496K, 1% used [0x00000000a0000000,0x00000000a008d400,0x00000000a2980000)
 Metaspace       used 6904K, capacity 7016K, committed 7040K, reserved 1056768K
  class space    used 848K, capacity 888K, committed 896K, reserved 1048576K
}
Event: 3.463 GC heap before
{Heap before GC invocations=3 (full 0):
 PSYoungGen      total 18432K, used 18270K [0x00000000e0000000, 0x00000000e1480000, 0x0000000100000000)
  eden space 15872K, 100% used [0x00000000e0000000,0x00000000e0f80000,0x00000000e0f80000)
  from space 2560K, 93% used [0x00000000e1200000,0x00000000e1457ad8,0x00000000e1480000)
  to   space 2560K, 0% used [0x00000000e0f80000,0x00000000e0f80000,0x00000000e1200000)
 ParOldGen       total 42496K, used 565K [0x00000000a0000000, 0x00000000a2980000, 0x00000000e0000000)
  object space 42496K, 1% used [0x00000000a0000000,0x00000000a008d400,0x00000000a2980000)
 Metaspace       used 8757K, capacity 8934K, committed 9216K, reserved 1056768K
  class space    used 1115K, capacity 1185K, committed 1280K, reserved 1048576K
Event: 3.480 GC heap after
Heap after GC invocations=3 (full 0):
 PSYoungGen      total 18432K, used 2546K [0x00000000e0000000, 0x00000000e1480000, 0x0000000100000000)
  eden space 15872K, 0% used [0x00000000e0000000,0x00000000e0000000,0x00000000e0f80000)
  from space 2560K, 99% used [0x00000000e0f80000,0x00000000e11fcb70,0x00000000e1200000)
  to   space 2560K, 0% used [0x00000000e1200000,0x00000000e1200000,0x00000000e1480000)
 ParOldGen       total 42496K, used 1616K [0x00000000a0000000, 0x00000000a2980000, 0x00000000e0000000)
  object space 42496K, 3% used [0x00000000a0000000,0x00000000a0194190,0x00000000a2980000)
 Metaspace       used 8757K, capacity 8934K, committed 9216K, reserved 1056768K
  class space    used 1115K, capacity 1185K, committed 1280K, reserved 1048576K
}
Event: 5.970 GC heap before
{Heap before GC invocations=4 (full 0):
 PSYoungGen      total 18432K, used 18418K [0x00000000e0000000, 0x00000000e1480000, 0x0000000100000000)
  eden space 15872K, 100% used [0x00000000e0000000,0x00000000e0f80000,0x00000000e0f80000)
  from space 2560K, 99% used [0x00000000e0f80000,0x00000000e11fcb70,0x00000000e1200000)
  to   space 2560K, 0% used [0x00000000e1200000,0x00000000e1200000,0x00000000e1480000)
 ParOldGen       total 42496K, used 1616K [0x00000000a0000000, 0x00000000a2980000, 0x00000000e0000000)
  object space 42496K, 3% used [0x00000000a0000000,0x00000000a0194190,0x00000000a2980000)
 Metaspace       used 13017K, capacity 13322K, committed 13440K, reserved 1060864K
  class space    used 1724K, capacity 1834K, committed 1920K, reserved 1048576K
Event: 5.982 GC heap after
Heap after GC invocations=4 (full 0):
 PSYoungGen      total 18432K, used 2544K [0x00000000e0000000, 0x00000000e1480000, 0x0000000100000000)
  eden space 15872K, 0% used [0x00000000e0000000,0x00000000e0000000,0x00000000e0f80000)
  from space 2560K, 99% used [0x00000000e1200000,0x00000000e147c010,0x00000000e1480000)
  to   space 2560K, 0% used [0x00000000e0f80000,0x00000000e0f80000,0x00000000e1200000)
 ParOldGen       total 42496K, used 3772K [0x00000000a0000000, 0x00000000a2980000, 0x00000000e0000000)
  object space 42496K, 8% used [0x00000000a0000000,0x00000000a03af118,0x00000000a2980000)
 Metaspace       used 13017K, capacity 13322K, committed 13440K, reserved 1060864K
  class space    used 1724K, capacity 1834K, committed 1920K, reserved 1048576K
}
Event: 6.546 GC heap before
{Heap before GC invocations=5 (full 0):
 PSYoungGen      total 18432K, used 18416K [0x00000000e0000000, 0x00000000e1480000, 0x0000000100000000)
  eden space 15872K, 100% used [0x00000000e0000000,0x00000000e0f80000,0x00000000e0f80000)
  from space 2560K, 99% used [0x00000000e1200000,0x00000000e147c010,0x00000000e1480000)
  to   space 2560K, 0% used [0x00000000e0f80000,0x00000000e0f80000,0x00000000e1200000)
 ParOldGen       total 42496K, used 3772K [0x00000000a0000000, 0x00000000a2980000, 0x00000000e0000000)
  object space 42496K, 8% used [0x00000000a0000000,0x00000000a03af118,0x00000000a2980000)
 Metaspace       used 14401K, capacity 14698K, committed 14976K, reserved 1062912K
  class space    used 1954K, capacity 2058K, committed 2176K, reserved 1048576K
Event: 6.556 GC heap after
Heap after GC invocations=5 (full 0):
 PSYoungGen      total 18432K, used 2534K [0x00000000e0000000, 0x00000000e1a80000, 0x0000000100000000)
  eden space 15872K, 0% used [0x00000000e0000000,0x00000000e0000000,0x00000000e0f80000)
  from space 2560K, 99% used [0x00000000e0f80000,0x00000000e11f9a68,0x00000000e1200000)
  to   space 5632K, 0% used [0x00000000e1500000,0x00000000e1500000,0x00000000e1a80000)
 ParOldGen       total 42496K, used 5859K [0x00000000a0000000, 0x00000000a2980000, 0x00000000e0000000)
  object space 42496K, 13% used [0x00000000a0000000,0x00000000a05b8c90,0x00000000a2980000)
 Metaspace       used 14401K, capacity 14698K, committed 14976K, reserved 1062912K
  class space    used 1954K, capacity 2058K, committed 2176K, reserved 1048576K
}
Event: 7.403 GC heap before
{Heap before GC invocations=6 (full 0):
 PSYoungGen      total 18432K, used 18406K [0x00000000e0000000, 0x00000000e1a80000, 0x0000000100000000)
  eden space 15872K, 100% used [0x00000000e0000000,0x00000000e0f80000,0x00000000e0f80000)
  from space 2560K, 99% used [0x00000000e0f80000,0x00000000e11f9a68,0x00000000e1200000)
  to   space 5632K, 0% used [0x00000000e1500000,0x00000000e1500000,0x00000000e1a80000)
 ParOldGen       total 42496K, used 5859K [0x00000000a0000000, 0x00000000a2980000, 0x00000000e0000000)
  object space 42496K, 13% used [0x00000000a0000000,0x00000000a05b8c90,0x00000000a2980000)
 Metaspace       used 16347K, capacity 16610K, committed 16768K, reserved 1062912K
  class space    used 2272K, capacity 2350K, committed 2432K, reserved 1048576K
Event: 7.416 GC heap after
Heap after GC invocations=6 (full 0):
 PSYoungGen      total 20992K, used 4637K [0x00000000e0000000, 0x00000000e2b00000, 0x0000000100000000)
  eden space 15360K, 0% used [0x00000000e0000000,0x00000000e0000000,0x00000000e0f00000)
  from space 5632K, 82% used [0x00000000e1500000,0x00000000e1987408,0x00000000e1a80000)
  to   space 6144K, 0% used [0x00000000e0f00000,0x00000000e0f00000,0x00000000e1500000)
 ParOldGen       total 42496K, used 5867K [0x00000000a0000000, 0x00000000a2980000, 0x00000000e0000000)
  object space 42496K, 13% used [0x00000000a0000000,0x00000000a05bac90,0x00000000a2980000)
 Metaspace       used 16347K, capacity 16610K, committed 16768K, reserved 1062912K
  class space    used 2272K, capacity 2350K, committed 2432K, reserved 1048576K
}

