# JRE version: OpenJDK Runtime Environment (8.0_152-b01) (build 1.8.0_152-release-915-b01)
# Java VM: OpenJDK 64-Bit Server VM (25.152-b01 mixed mode windows-amd64 compressed oops)
Heap:
 PSYoungGen      total 147456K, used 87895K [0x00000000e0000000, 0x00000000eb780000, 0x0000000100000000)
  eden space 128000K, 58% used [0x00000000e0000000,0x00000000e48b1918,0x00000000e7d00000)
  from space 19456K, 69% used [0x00000000e7d00000,0x00000000e8a24608,0x00000000e9000000)
  to   space 19968K, 0% used [0x00000000ea400000,0x00000000ea400000,0x00000000eb780000)
 ParOldGen       total 96256K, used 40595K [0x00000000a0000000, 0x00000000a5e00000, 0x00000000e0000000)
  object space 96256K, 42% used [0x00000000a0000000,0x00000000a27a4c40,0x00000000a5e00000)
 Metaspace       used 69744K, capacity 72458K, committed 72596K, reserved 1112064K
  class space    used 9147K, capacity 9758K, committed 9876K, reserved 1048576K
GC Heap History (10 events):
Event: 30.436 GC heap before
{Heap before GC invocations=18 (full 2):
 PSYoungGen      total 98304K, used 98292K [0x00000000e0000000, 0x00000000e8b00000, 0x0000000100000000)
  eden space 86528K, 100% used [0x00000000e0000000,0x00000000e5480000,0x00000000e5480000)
  from space 11776K, 99% used [0x00000000e5480000,0x00000000e5ffd390,0x00000000e6000000)
  to   space 14848K, 0% used [0x00000000e7c80000,0x00000000e7c80000,0x00000000e8b00000)
 ParOldGen       total 55296K, used 19322K [0x00000000a0000000, 0x00000000a3600000, 0x00000000e0000000)
  object space 55296K, 34% used [0x00000000a0000000,0x00000000a12de9a0,0x00000000a3600000)
 Metaspace       used 56414K, capacity 58066K, committed 58240K, reserved 1099776K
  class space    used 7526K, capacity 7945K, committed 8064K, reserved 1048576K
Event: 30.487 GC heap after
Heap after GC invocations=18 (full 2):
 PSYoungGen      total 122880K, used 14820K [0x00000000e0000000, 0x00000000e9500000, 0x0000000100000000)
  eden space 108032K, 0% used [0x00000000e0000000,0x00000000e0000000,0x00000000e6980000)
  from space 14848K, 99% used [0x00000000e7c80000,0x00000000e8af9370,0x00000000e8b00000)
  to   space 19456K, 0% used [0x00000000e6980000,0x00000000e6980000,0x00000000e7c80000)
 ParOldGen       total 55296K, used 25509K [0x00000000a0000000, 0x00000000a3600000, 0x00000000e0000000)
  object space 55296K, 46% used [0x00000000a0000000,0x00000000a18e9740,0x00000000a3600000)
 Metaspace       used 56414K, capacity 58066K, committed 58240K, reserved 1099776K
  class space    used 7526K, capacity 7945K, committed 8064K, reserved 1048576K
}
Event: 31.350 GC heap before
{Heap before GC invocations=19 (full 2):
 PSYoungGen      total 122880K, used 78902K [0x00000000e0000000, 0x00000000e9500000, 0x0000000100000000)
  eden space 108032K, 59% used [0x00000000e0000000,0x00000000e3e94600,0x00000000e6980000)
  from space 14848K, 99% used [0x00000000e7c80000,0x00000000e8af9370,0x00000000e8b00000)
  to   space 19456K, 0% used [0x00000000e6980000,0x00000000e6980000,0x00000000e7c80000)
 ParOldGen       total 55296K, used 25509K [0x00000000a0000000, 0x00000000a3600000, 0x00000000e0000000)
  object space 55296K, 46% used [0x00000000a0000000,0x00000000a18e9740,0x00000000a3600000)
 Metaspace       used 57202K, capacity 58960K, committed 59028K, reserved 1099776K
  class space    used 7653K, capacity 8071K, committed 8084K, reserved 1048576K
Event: 31.399 GC heap after
Heap after GC invocations=19 (full 2):
 PSYoungGen      total 127488K, used 13692K [0x00000000e0000000, 0x00000000eab80000, 0x0000000100000000)
  eden space 108032K, 0% used [0x00000000e0000000,0x00000000e0000000,0x00000000e6980000)
  from space 19456K, 70% used [0x00000000e6980000,0x00000000e76df1d0,0x00000000e7c80000)
  to   space 19968K, 0% used [0x00000000e9800000,0x00000000e9800000,0x00000000eab80000)
 ParOldGen       total 55296K, used 34137K [0x00000000a0000000, 0x00000000a3600000, 0x00000000e0000000)
  object space 55296K, 61% used [0x00000000a0000000,0x00000000a2156708,0x00000000a3600000)
 Metaspace       used 57202K, capacity 58960K, committed 59028K, reserved 1099776K
  class space    used 7653K, capacity 8071K, committed 8084K, reserved 1048576K
}
Event: 31.400 GC heap before
{Heap before GC invocations=20 (full 3):
 PSYoungGen      total 127488K, used 13692K [0x00000000e0000000, 0x00000000eab80000, 0x0000000100000000)
  eden space 108032K, 0% used [0x00000000e0000000,0x00000000e0000000,0x00000000e6980000)
  from space 19456K, 70% used [0x00000000e6980000,0x00000000e76df1d0,0x00000000e7c80000)
  to   space 19968K, 0% used [0x00000000e9800000,0x00000000e9800000,0x00000000eab80000)
 ParOldGen       total 55296K, used 34137K [0x00000000a0000000, 0x00000000a3600000, 0x00000000e0000000)
  object space 55296K, 61% used [0x00000000a0000000,0x00000000a2156708,0x00000000a3600000)
 Metaspace       used 57202K, capacity 58960K, committed 59028K, reserved 1099776K
  class space    used 7653K, capacity 8071K, committed 8084K, reserved 1048576K
Event: 31.847 GC heap after
Heap after GC invocations=20 (full 3):
 PSYoungGen      total 127488K, used 0K [0x00000000e0000000, 0x00000000eab80000, 0x0000000100000000)
  eden space 108032K, 0% used [0x00000000e0000000,0x00000000e0000000,0x00000000e6980000)
  from space 19456K, 0% used [0x00000000e6980000,0x00000000e6980000,0x00000000e7c80000)
  to   space 19968K, 0% used [0x00000000e9800000,0x00000000e9800000,0x00000000eab80000)
 ParOldGen       total 96256K, used 40579K [0x00000000a0000000, 0x00000000a5e00000, 0x00000000e0000000)
  object space 96256K, 42% used [0x00000000a0000000,0x00000000a27a0c40,0x00000000a5e00000)
 Metaspace       used 57202K, capacity 58960K, committed 59028K, reserved 1099776K
  class space    used 7653K, capacity 8071K, committed 8084K, reserved 1048576K
}
Event: 41.912 GC heap before
{Heap before GC invocations=21 (full 3):
 PSYoungGen      total 127488K, used 108032K [0x00000000e0000000, 0x00000000eab80000, 0x0000000100000000)
  eden space 108032K, 100% used [0x00000000e0000000,0x00000000e6980000,0x00000000e6980000)
  from space 19456K, 0% used [0x00000000e6980000,0x00000000e6980000,0x00000000e7c80000)
  to   space 19968K, 0% used [0x00000000e9800000,0x00000000e9800000,0x00000000eab80000)
 ParOldGen       total 96256K, used 40579K [0x00000000a0000000, 0x00000000a5e00000, 0x00000000e0000000)
  object space 96256K, 42% used [0x00000000a0000000,0x00000000a27a0c40,0x00000000a5e00000)
 Metaspace       used 61031K, capacity 63478K, committed 63764K, reserved 1103872K
  class space    used 8073K, capacity 8650K, committed 8724K, reserved 1048576K
Event: 41.937 GC heap after
Heap after GC invocations=21 (full 3):
 PSYoungGen      total 139264K, used 10643K [0x00000000e0000000, 0x00000000ea300000, 0x0000000100000000)
  eden space 128000K, 0% used [0x00000000e0000000,0x00000000e0000000,0x00000000e7d00000)
  from space 11264K, 94% used [0x00000000e9800000,0x00000000ea264d40,0x00000000ea300000)
  to   space 19456K, 0% used [0x00000000e7d00000,0x00000000e7d00000,0x00000000e9000000)
 ParOldGen       total 96256K, used 40587K [0x00000000a0000000, 0x00000000a5e00000, 0x00000000e0000000)
  object space 96256K, 42% used [0x00000000a0000000,0x00000000a27a2c40,0x00000000a5e00000)
 Metaspace       used 61031K, capacity 63478K, committed 63764K, reserved 1103872K
  class space    used 8073K, capacity 8650K, committed 8724K, reserved 1048576K
}
Event: 57.080 GC heap before
{Heap before GC invocations=22 (full 3):
 PSYoungGen      total 139264K, used 138643K [0x00000000e0000000, 0x00000000ea300000, 0x0000000100000000)
  eden space 128000K, 100% used [0x00000000e0000000,0x00000000e7d00000,0x00000000e7d00000)
  from space 11264K, 94% used [0x00000000e9800000,0x00000000ea264d40,0x00000000ea300000)
  to   space 19456K, 0% used [0x00000000e7d00000,0x00000000e7d00000,0x00000000e9000000)
 ParOldGen       total 96256K, used 40587K [0x00000000a0000000, 0x00000000a5e00000, 0x00000000e0000000)
  object space 96256K, 42% used [0x00000000a0000000,0x00000000a27a2c40,0x00000000a5e00000)
 Metaspace       used 63993K, capacity 66642K, committed 66964K, reserved 1107968K
  class space    used 8415K, capacity 9002K, committed 9108K, reserved 1048576K
Event: 57.100 GC heap after
Heap after GC invocations=22 (full 3):
 PSYoungGen      total 147456K, used 13457K [0x00000000e0000000, 0x00000000eb780000, 0x0000000100000000)
  eden space 128000K, 0% used [0x00000000e0000000,0x00000000e0000000,0x00000000e7d00000)
  from space 19456K, 69% used [0x00000000e7d00000,0x00000000e8a24608,0x00000000e9000000)
  to   space 19968K, 0% used [0x00000000ea400000,0x00000000ea400000,0x00000000eb780000)
 ParOldGen       total 96256K, used 40595K [0x00000000a0000000, 0x00000000a5e00000, 0x00000000e0000000)
  object space 96256K, 42% used [0x00000000a0000000,0x00000000a27a4c40,0x00000000a5e00000)
 Metaspace       used 63993K, capacity 66642K, committed 66964K, reserved 1107968K
  class space    used 8415K, capacity 9002K, committed 9108K, reserved 1048576K
}

