# JRE version: OpenJDK Runtime Environment (8.0_152-b01) (build 1.8.0_152-release-915-b01)
# Java VM: OpenJDK 64-Bit Server VM (25.152-b01 mixed mode windows-amd64 compressed oops)
Heap:
 PSYoungGen      total 163840K, used 122407K [0x00000000e0000000, 0x00000000ed100000, 0x0000000100000000)
  eden space 151040K, 81% used [0x00000000e0000000,0x00000000e7789d18,0x00000000e9380000)
  from space 12800K, 0% used [0x00000000ea000000,0x00000000ea000000,0x00000000eac80000)
  to   space 12800K, 0% used [0x00000000e9380000,0x00000000e9380000,0x00000000ea000000)
 ParOldGen       total 56320K, used 14417K [0x00000000a0000000, 0x00000000a3700000, 0x00000000e0000000)
  object space 56320K, 25% used [0x00000000a0000000,0x00000000a0e14510,0x00000000a3700000)
 Metaspace       used 42433K, capacity 43344K, committed 43776K, reserved 1087488K
  class space    used 5521K, capacity 5769K, committed 5888K, reserved 1048576K
GC Heap History (10 events):
Event: 17.009 GC heap before
{Heap before GC invocations=6 (full 1):
 PSYoungGen      total 66048K, used 2560K [0x00000000e0000000, 0x00000000e8f00000, 0x0000000100000000)
  eden space 63488K, 0% used [0x00000000e0000000,0x00000000e0000000,0x00000000e3e00000)
  from space 2560K, 100% used [0x00000000e3e00000,0x00000000e4080000,0x00000000e4080000)
  to   space 9728K, 0% used [0x00000000e8580000,0x00000000e8580000,0x00000000e8f00000)
 ParOldGen       total 42496K, used 13232K [0x00000000a0000000, 0x00000000a2980000, 0x00000000e0000000)
  object space 42496K, 31% used [0x00000000a0000000,0x00000000a0cec1e8,0x00000000a2980000)
 Metaspace       used 20764K, capacity 21116K, committed 21248K, reserved 1067008K
  class space    used 2807K, capacity 2947K, committed 3072K, reserved 1048576K
Event: 17.186 GC heap after
Heap after GC invocations=6 (full 1):
 PSYoungGen      total 66048K, used 0K [0x00000000e0000000, 0x00000000e8f00000, 0x0000000100000000)
  eden space 63488K, 0% used [0x00000000e0000000,0x00000000e0000000,0x00000000e3e00000)
  from space 2560K, 0% used [0x00000000e3e00000,0x00000000e3e00000,0x00000000e4080000)
  to   space 9728K, 0% used [0x00000000e8580000,0x00000000e8580000,0x00000000e8f00000)
 ParOldGen       total 41984K, used 12637K [0x00000000a0000000, 0x00000000a2900000, 0x00000000e0000000)
  object space 41984K, 30% used [0x00000000a0000000,0x00000000a0c57498,0x00000000a2900000)
 Metaspace       used 20764K, capacity 21116K, committed 21248K, reserved 1067008K
  class space    used 2807K, capacity 2947K, committed 3072K, reserved 1048576K
}
Event: 21.330 GC heap before
{Heap before GC invocations=7 (full 1):
 PSYoungGen      total 66048K, used 63488K [0x00000000e0000000, 0x00000000e8f00000, 0x0000000100000000)
  eden space 63488K, 100% used [0x00000000e0000000,0x00000000e3e00000,0x00000000e3e00000)
  from space 2560K, 0% used [0x00000000e3e00000,0x00000000e3e00000,0x00000000e4080000)
  to   space 9728K, 0% used [0x00000000e8580000,0x00000000e8580000,0x00000000e8f00000)
 ParOldGen       total 41984K, used 12637K [0x00000000a0000000, 0x00000000a2900000, 0x00000000e0000000)
  object space 41984K, 30% used [0x00000000a0000000,0x00000000a0c57498,0x00000000a2900000)
 Metaspace       used 26989K, capacity 27386K, committed 27520K, reserved 1073152K
  class space    used 3544K, capacity 3705K, committed 3712K, reserved 1048576K
Event: 21.344 GC heap after
Heap after GC invocations=7 (full 1):
 PSYoungGen      total 104960K, used 7319K [0x00000000e0000000, 0x00000000e8d00000, 0x0000000100000000)
  eden space 97280K, 0% used [0x00000000e0000000,0x00000000e0000000,0x00000000e5f00000)
  from space 7680K, 95% used [0x00000000e8580000,0x00000000e8ca5d48,0x00000000e8d00000)
  to   space 10240K, 0% used [0x00000000e7900000,0x00000000e7900000,0x00000000e8300000)
 ParOldGen       total 41984K, used 12645K [0x00000000a0000000, 0x00000000a2900000, 0x00000000e0000000)
  object space 41984K, 30% used [0x00000000a0000000,0x00000000a0c59498,0x00000000a2900000)
 Metaspace       used 26989K, capacity 27386K, committed 27520K, reserved 1073152K
  class space    used 3544K, capacity 3705K, committed 3712K, reserved 1048576K
}
Event: 26.094 GC heap before
{Heap before GC invocations=8 (full 1):
 PSYoungGen      total 104960K, used 104599K [0x00000000e0000000, 0x00000000e8d00000, 0x0000000100000000)
  eden space 97280K, 100% used [0x00000000e0000000,0x00000000e5f00000,0x00000000e5f00000)
  from space 7680K, 95% used [0x00000000e8580000,0x00000000e8ca5d48,0x00000000e8d00000)
  to   space 10240K, 0% used [0x00000000e7900000,0x00000000e7900000,0x00000000e8300000)
 ParOldGen       total 41984K, used 12645K [0x00000000a0000000, 0x00000000a2900000, 0x00000000e0000000)
  object space 41984K, 30% used [0x00000000a0000000,0x00000000a0c59498,0x00000000a2900000)
 Metaspace       used 34079K, capacity 34834K, committed 35072K, reserved 1079296K
  class space    used 4477K, capacity 4759K, committed 4864K, reserved 1048576K
Event: 26.169 GC heap after
Heap after GC invocations=8 (full 1):
 PSYoungGen      total 134144K, used 10228K [0x00000000e0000000, 0x00000000eac80000, 0x0000000100000000)
  eden space 123904K, 0% used [0x00000000e0000000,0x00000000e0000000,0x00000000e7900000)
  from space 10240K, 99% used [0x00000000e7900000,0x00000000e82fd1e0,0x00000000e8300000)
  to   space 12800K, 0% used [0x00000000ea000000,0x00000000ea000000,0x00000000eac80000)
 ParOldGen       total 41984K, used 14269K [0x00000000a0000000, 0x00000000a2900000, 0x00000000e0000000)
  object space 41984K, 33% used [0x00000000a0000000,0x00000000a0def5a0,0x00000000a2900000)
 Metaspace       used 34079K, capacity 34834K, committed 35072K, reserved 1079296K
  class space    used 4477K, capacity 4759K, committed 4864K, reserved 1048576K
}
Event: 29.317 GC heap before
{Heap before GC invocations=9 (full 1):
 PSYoungGen      total 134144K, used 38583K [0x00000000e0000000, 0x00000000eac80000, 0x0000000100000000)
  eden space 123904K, 22% used [0x00000000e0000000,0x00000000e1bb0c18,0x00000000e7900000)
  from space 10240K, 99% used [0x00000000e7900000,0x00000000e82fd1e0,0x00000000e8300000)
  to   space 12800K, 0% used [0x00000000ea000000,0x00000000ea000000,0x00000000eac80000)
 ParOldGen       total 41984K, used 14269K [0x00000000a0000000, 0x00000000a2900000, 0x00000000e0000000)
  object space 41984K, 33% used [0x00000000a0000000,0x00000000a0def5a0,0x00000000a2900000)
 Metaspace       used 34634K, capacity 35368K, committed 35416K, reserved 1079296K
  class space    used 4549K, capacity 4829K, committed 4864K, reserved 1048576K
Event: 29.338 GC heap after
Heap after GC invocations=9 (full 1):
 PSYoungGen      total 163840K, used 7976K [0x00000000e0000000, 0x00000000ed100000, 0x0000000100000000)
  eden space 151040K, 0% used [0x00000000e0000000,0x00000000e0000000,0x00000000e9380000)
  from space 12800K, 62% used [0x00000000ea000000,0x00000000ea7ca110,0x00000000eac80000)
  to   space 12800K, 0% used [0x00000000e9380000,0x00000000e9380000,0x00000000ea000000)
 ParOldGen       total 41984K, used 14341K [0x00000000a0000000, 0x00000000a2900000, 0x00000000e0000000)
  object space 41984K, 34% used [0x00000000a0000000,0x00000000a0e015b0,0x00000000a2900000)
 Metaspace       used 34634K, capacity 35368K, committed 35416K, reserved 1079296K
  class space    used 4549K, capacity 4829K, committed 4864K, reserved 1048576K
}
Event: 29.338 GC heap before
{Heap before GC invocations=10 (full 2):
 PSYoungGen      total 163840K, used 7976K [0x00000000e0000000, 0x00000000ed100000, 0x0000000100000000)
  eden space 151040K, 0% used [0x00000000e0000000,0x00000000e0000000,0x00000000e9380000)
  from space 12800K, 62% used [0x00000000ea000000,0x00000000ea7ca110,0x00000000eac80000)
  to   space 12800K, 0% used [0x00000000e9380000,0x00000000e9380000,0x00000000ea000000)
 ParOldGen       total 41984K, used 14341K [0x00000000a0000000, 0x00000000a2900000, 0x00000000e0000000)
  object space 41984K, 34% used [0x00000000a0000000,0x00000000a0e015b0,0x00000000a2900000)
 Metaspace       used 34634K, capacity 35368K, committed 35416K, reserved 1079296K
  class space    used 4549K, capacity 4829K, committed 4864K, reserved 1048576K
Event: 29.572 GC heap after
Heap after GC invocations=10 (full 2):
 PSYoungGen      total 163840K, used 0K [0x00000000e0000000, 0x00000000ed100000, 0x0000000100000000)
  eden space 151040K, 0% used [0x00000000e0000000,0x00000000e0000000,0x00000000e9380000)
  from space 12800K, 0% used [0x00000000ea000000,0x00000000ea000000,0x00000000eac80000)
  to   space 12800K, 0% used [0x00000000e9380000,0x00000000e9380000,0x00000000ea000000)
 ParOldGen       total 56320K, used 14417K [0x00000000a0000000, 0x00000000a3700000, 0x00000000e0000000)
  object space 56320K, 25% used [0x00000000a0000000,0x00000000a0e14510,0x00000000a3700000)
 Metaspace       used 34583K, capacity 35236K, committed 35416K, reserved 1079296K
  class space    used 4536K, capacity 4785K, committed 4864K, reserved 1048576K
}

